\BOOKMARK [1][-]{section.1}{\376\377\000I\000n\000t\000r\000o\000d\000u\000c\000t\000i\000o\000n}{}% 1
\BOOKMARK [2][-]{subsection.1.1}{\376\377\000P\000r\000o\000b\000l\000e\000m\000\040\000s\000t\000a\000t\000e\000m\000e\000n\000t}{section.1}% 2
\BOOKMARK [2][-]{subsection.1.2}{\376\377\000R\000e\000s\000e\000a\000r\000c\000h\000\040\000q\000u\000e\000s\000t\000i\000o\000n\000s}{section.1}% 3
\BOOKMARK [2][-]{subsection.1.3}{\376\377\000C\000o\000n\000t\000r\000i\000b\000u\000t\000i\000o\000n\000s}{section.1}% 4
\BOOKMARK [1][-]{section.2}{\376\377\000B\000a\000c\000k\000g\000r\000o\000u\000n\000d\000\040\000a\000n\000d\000\040\000R\000e\000l\000a\000t\000e\000d\000\040\000W\000o\000r\000k}{}% 5
\BOOKMARK [2][-]{subsection.2.1}{\376\377\000S\000t\000a\000t\000i\000c\000\040\000a\000n\000a\000l\000y\000s\000i\000s\000\040\000a\000n\000d\000\040\000t\000h\000e\000\040\000f\000a\000l\000s\000e\000-\000p\000o\000s\000i\000t\000i\000v\000e\000\040\000p\000r\000o\000b\000l\000e\000m}{section.2}% 6
\BOOKMARK [2][-]{subsection.2.2}{\376\377\000C\000l\000a\000s\000s\000i\000c\000a\000l\000\040\000F\000P\000-\000r\000e\000d\000u\000c\000t\000i\000o\000n\000\040\000a\000p\000p\000r\000o\000a\000c\000h\000e\000s}{section.2}% 7
\BOOKMARK [2][-]{subsection.2.3}{\376\377\000L\000L\000M\000-\000b\000a\000s\000e\000d\000\040\000t\000r\000i\000a\000g\000e}{section.2}% 8
\BOOKMARK [2][-]{subsection.2.4}{\376\377\000T\000h\000e\000\040\000V\000u\000l\000n\000h\000a\000l\000l\000a\000\040\000m\000e\000t\000h\000o\000d\000o\000l\000o\000g\000y}{section.2}% 9
\BOOKMARK [1][-]{section.3}{\376\377\000G\000u\000i\000d\000e\000d\000\040\000Q\000u\000e\000s\000t\000i\000o\000n\000s\000:\000\040\000E\000n\000c\000o\000d\000i\000n\000g\000\040\000E\000x\000p\000e\000r\000t\000\040\000T\000r\000i\000a\000g\000e}{}% 10
\BOOKMARK [2][-]{subsection.3.1}{\376\377\000F\000r\000o\000m\000\040\000p\000r\000o\000m\000p\000t\000s\000\040\000t\000o\000\040\000q\000u\000e\000s\000t\000i\000o\000n\000s}{section.3}% 11
\BOOKMARK [2][-]{subsection.3.2}{\376\377\000A\000u\000t\000h\000o\000r\000i\000n\000g\000\040\000m\000e\000t\000h\000o\000d\000o\000l\000o\000g\000y}{section.3}% 12
\BOOKMARK [2][-]{subsection.3.3}{\376\377\000T\000h\000e\000\040\000a\000n\000c\000h\000o\000r\000\040\000p\000a\000t\000t\000e\000r\000n\000\040\000\050\000m\000e\000m\000o\000r\000y\000\040\000s\000a\000f\000e\000t\000y\000\051}{section.3}% 13
\BOOKMARK [2][-]{subsection.3.4}{\376\377\000T\000h\000e\000\040\000d\000e\000c\000i\000s\000i\000o\000n\000-\000r\000u\000l\000e\000\040\000p\000a\000t\000t\000e\000r\000n}{section.3}% 14
\BOOKMARK [2][-]{subsection.3.5}{\376\377\000C\000r\000o\000s\000s\000-\000l\000a\000n\000g\000u\000a\000g\000e\000\040\000u\000n\000i\000f\000o\000r\000m\000i\000t\000y}{section.3}% 15
\BOOKMARK [2][-]{subsection.3.6}{\376\377\000R\000u\000l\000e\000-\000c\000o\000v\000e\000r\000a\000g\000e\000\040\000a\000u\000d\000i\000t\000\040\000t\000o\000o\000l\000i\000n\000g}{section.3}% 16
\BOOKMARK [1][-]{section.4}{\376\377\000T\000h\000e\000\040\000A\000n\000s\000w\000e\000r\000-\000B\000e\000f\000o\000r\000e\000-\000V\000e\000r\000d\000i\000c\000t\000\040\000P\000r\000o\000t\000o\000c\000o\000l}{}% 17
\BOOKMARK [2][-]{subsection.4.1}{\376\377\000S\000c\000h\000e\000m\000a}{section.4}% 18
\BOOKMARK [2][-]{subsection.4.2}{\376\377\000M\000e\000t\000h\000o\000d\000o\000l\000o\000g\000y\000\040\000i\000n\000\040\000t\000h\000e\000\040\000s\000y\000s\000t\000e\000m\000\040\000p\000r\000o\000m\000p\000t}{section.4}% 19
\BOOKMARK [2][-]{subsection.4.3}{\376\377\000V\000e\000r\000d\000i\000c\000t\000\040\000a\000d\000m\000i\000s\000s\000i\000b\000i\000l\000i\000t\000y}{section.4}% 20
\BOOKMARK [2][-]{subsection.4.4}{\376\377\000M\000e\000t\000a\000d\000a\000t\000a\000-\000a\000w\000a\000r\000e\000\040\000c\000a\000l\000i\000b\000r\000a\000t\000i\000o\000n}{section.4}% 21
\BOOKMARK [2][-]{subsection.4.5}{\376\377\000F\000e\000w\000-\000s\000h\000o\000t\000\040\000e\000x\000a\000m\000p\000l\000e\000s}{section.4}% 22
\BOOKMARK [1][-]{section.5}{\376\377\000M\000u\000l\000t\000i\000-\000T\000u\000r\000n\000\040\000C\000o\000n\000t\000e\000x\000t\000\040\000B\000r\000o\000k\000e\000r\000i\000n\000g}{}% 23
\BOOKMARK [2][-]{subsection.5.1}{\376\377\000D\000e\000s\000i\000g\000n}{section.5}% 24
\BOOKMARK [2][-]{subsection.5.2}{\376\377\000C\000o\000n\000v\000e\000r\000s\000a\000t\000i\000o\000n\000\040\000l\000o\000o\000p}{section.5}% 25
\BOOKMARK [2][-]{subsection.5.3}{\376\377\000T\000h\000e\000\040\000c\000o\000n\000t\000e\000x\000t\000-\000r\000e\000q\000u\000e\000s\000t\000\040\000v\000o\000c\000a\000b\000u\000l\000a\000r\000y}{section.5}% 26
\BOOKMARK [2][-]{subsection.5.4}{\376\377\000T\000r\000e\000e\000-\000s\000i\000t\000t\000e\000r\000\040\000f\000a\000l\000l\000b\000a\000c\000k\000\040\000e\000x\000t\000r\000a\000c\000t\000o\000r}{section.5}% 27
\BOOKMARK [1][-]{section.6}{\376\377\000T\000o\000o\000l\000-\000\040\000a\000n\000d\000\040\000L\000a\000n\000g\000u\000a\000g\000e\000-\000A\000g\000n\000o\000s\000t\000i\000c\000\040\000A\000r\000c\000h\000i\000t\000e\000c\000t\000u\000r\000e}{}% 28
\BOOKMARK [2][-]{subsection.6.1}{\376\377\000S\000A\000R\000I\000F\000\040\000a\000s\000\040\000t\000h\000e\000\040\000o\000n\000l\000y\000\040\000c\000o\000n\000t\000r\000a\000c\000t}{section.6}% 29
\BOOKMARK [2][-]{subsection.6.2}{\376\377\000D\000e\000v\000e\000l\000o\000p\000e\000r\000-\000e\000x\000t\000e\000n\000s\000i\000b\000l\000e\000\040\000c\000u\000s\000t\000o\000m\000\040\000s\000i\000g\000n\000a\000t\000u\000r\000e\000s}{section.6}% 30
\BOOKMARK [3][-]{subsubsection.6.2.1}{\376\377\000A\000u\000t\000h\000o\000r\000i\000n\000g\000\040\000c\000o\000n\000t\000r\000a\000c\000t}{subsection.6.2}% 31
\BOOKMARK [3][-]{subsubsection.6.2.2}{\376\377\000P\000r\000o\000f\000i\000l\000e\000-\000m\000e\000d\000i\000a\000t\000e\000d\000\040\000l\000a\000y\000e\000r\000i\000n\000g}{subsection.6.2}% 32
\BOOKMARK [3][-]{subsubsection.6.2.3}{\376\377\000R\000o\000u\000t\000i\000n\000g\000\040\000c\000u\000s\000t\000o\000m\000\040\000f\000i\000n\000d\000i\000n\000g\000s\000\040\000t\000o\000\040\000g\000u\000i\000d\000e\000d\000\040\000q\000u\000e\000s\000t\000i\000o\000n\000s}{subsection.6.2}% 33
\BOOKMARK [3][-]{subsubsection.6.2.4}{\376\377\000C\000o\000v\000e\000r\000a\000g\000e\000\040\000a\000u\000d\000i\000t\000\040\000t\000o\000o\000l\000i\000n\000g}{subsection.6.2}% 34
\BOOKMARK [3][-]{subsubsection.6.2.5}{\376\377\000D\000e\000v\000e\000l\000o\000p\000e\000r\000\040\000w\000o\000r\000k\000f\000l\000o\000w\000\040\000\050\000w\000o\000r\000k\000e\000d\000\040\000e\000x\000a\000m\000p\000l\000e\000\051}{subsection.6.2}% 35
\BOOKMARK [2][-]{subsection.6.3}{\376\377\000R\000u\000l\000e\000\040\000p\000r\000o\000f\000i\000l\000e\000s}{section.6}% 36
\BOOKMARK [2][-]{subsection.6.4}{\376\377\000L\000a\000n\000g\000u\000a\000g\000e\000-\000u\000n\000i\000f\000o\000r\000m\000\040\000s\000t\000a\000t\000i\000c\000\040\000v\000e\000r\000i\000f\000i\000c\000a\000t\000i\000o\000n\000,\000\040\000m\000u\000l\000t\000i\000-\000l\000a\000n\000g\000u\000a\000g\000e\000\040\000d\000y\000n\000a\000m\000i\000c\000\040\000s\000t\000a\000g\000e\000s}{section.6}% 37
\BOOKMARK [1][-]{section.7}{\376\377\000T\000h\000r\000e\000a\000t\000s\000\040\000t\000o\000\040\000V\000a\000l\000i\000d\000i\000t\000y}{}% 38
\BOOKMARK [2][-]{subsection.7.1}{\376\377\000C\000o\000n\000s\000t\000r\000u\000c\000t\000\040\000v\000a\000l\000i\000d\000i\000t\000y}{section.7}% 39
\BOOKMARK [2][-]{subsection.7.2}{\376\377\000I\000n\000t\000e\000r\000n\000a\000l\000\040\000v\000a\000l\000i\000d\000i\000t\000y}{section.7}% 40
\BOOKMARK [2][-]{subsection.7.3}{\376\377\000E\000x\000t\000e\000r\000n\000a\000l\000\040\000v\000a\000l\000i\000d\000i\000t\000y}{section.7}% 41
\BOOKMARK [2][-]{subsection.7.4}{\376\377\000C\000o\000n\000c\000l\000u\000s\000i\000o\000n\000\040\000v\000a\000l\000i\000d\000i\000t\000y}{section.7}% 42
\BOOKMARK [2][-]{subsection.7.5}{\376\377\000E\000t\000h\000i\000c\000a\000l\000\040\000v\000a\000l\000i\000d\000i\000t\000y\000\040\000a\000n\000d\000\040\000r\000e\000s\000p\000o\000n\000s\000i\000b\000l\000e\000\040\000u\000s\000e}{section.7}% 43
\BOOKMARK [1][-]{section.8}{\376\377\000D\000i\000s\000c\000u\000s\000s\000i\000o\000n}{}% 44
\BOOKMARK [2][-]{subsection.8.1}{\376\377\000W\000h\000y\000\040\000c\000h\000e\000a\000p\000\040\000L\000L\000M\000s\000\040\000m\000a\000y\000\040\000w\000o\000r\000k\000\040\000h\000e\000r\000e}{section.8}% 45
\BOOKMARK [2][-]{subsection.8.2}{\376\377\000R\000e\000l\000a\000t\000i\000o\000n\000s\000h\000i\000p\000\040\000t\000o\000\040\000r\000e\000t\000r\000i\000e\000v\000a\000l\000-\000a\000u\000g\000m\000e\000n\000t\000e\000d\000\040\000g\000e\000n\000e\000r\000a\000t\000i\000o\000n}{section.8}% 46
\BOOKMARK [2][-]{subsection.8.3}{\376\377\000E\000n\000g\000i\000n\000e\000e\000r\000i\000n\000g\000\040\000l\000i\000m\000i\000t\000a\000t\000i\000o\000n\000s}{section.8}% 47
\BOOKMARK [1][-]{section.9}{\376\377\000R\000e\000p\000r\000o\000d\000u\000c\000i\000b\000i\000l\000i\000t\000y\000\040\000a\000n\000d\000\040\000A\000r\000t\000i\000f\000a\000c\000t}{}% 48
\BOOKMARK [1][-]{section.10}{\376\377\000C\000o\000n\000c\000l\000u\000s\000i\000o\000n}{}% 49
\BOOKMARK [1][-]{section.A}{\376\377\000E\000x\000a\000m\000p\000l\000e\000\040\000G\000u\000i\000d\000e\000d\000\040\000Q\000u\000e\000s\000t\000i\000o\000n\000\040\000S\000e\000t}{}% 50
\BOOKMARK [1][-]{section.B}{\376\377\000C\000o\000n\000t\000e\000x\000t\000-\000R\000e\000q\000u\000e\000s\000t\000\040\000G\000r\000a\000m\000m\000a\000r\000\040\000\050\000B\000N\000F\000\051}{}% 51
\BOOKMARK [1][-]{section.C}{\376\377\000T\000h\000r\000e\000a\000t\000s\000-\000t\000o\000-\000V\000a\000l\000i\000d\000i\000t\000y\000\040\000C\000h\000e\000c\000k\000l\000i\000s\000t}{}% 52
